mode: atomic
gitlab.com/ignitionrobotics/web/cloudsim/internal/subt/cmdgen/generator.go:67.43,82.24 6 1
gitlab.com/ignitionrobotics/web/cloudsim/internal/subt/cmdgen/generator.go:87.2,87.38 1 1
gitlab.com/ignitionrobotics/web/cloudsim/internal/subt/cmdgen/generator.go:94.2,98.38 2 1
gitlab.com/ignitionrobotics/web/cloudsim/internal/subt/cmdgen/generator.go:107.2,107.46 1 1
gitlab.com/ignitionrobotics/web/cloudsim/internal/subt/cmdgen/generator.go:111.2,115.12 3 1
gitlab.com/ignitionrobotics/web/cloudsim/internal/subt/cmdgen/generator.go:82.24,84.3 1 1
gitlab.com/ignitionrobotics/web/cloudsim/internal/subt/cmdgen/generator.go:87.38,90.3 2 1
gitlab.com/ignitionrobotics/web/cloudsim/internal/subt/cmdgen/generator.go:98.38,103.3 1 2
gitlab.com/ignitionrobotics/web/cloudsim/internal/subt/cmdgen/generator.go:107.46,109.3 1 1
gitlab.com/ignitionrobotics/web/cloudsim/internal/subt/cmdgen/generator.go:133.62,136.31 3 4
gitlab.com/ignitionrobotics/web/cloudsim/internal/subt/cmdgen/generator.go:143.2,143.26 1 4
gitlab.com/ignitionrobotics/web/cloudsim/internal/subt/cmdgen/generator.go:147.2,147.25 1 3
gitlab.com/ignitionrobotics/web/cloudsim/internal/subt/cmdgen/generator.go:151.2,157.8 1 3
gitlab.com/ignitionrobotics/web/cloudsim/internal/subt/cmdgen/generator.go:136.31,137.48 1 7
gitlab.com/ignitionrobotics/web/cloudsim/internal/subt/cmdgen/generator.go:137.48,139.9 2 3
gitlab.com/ignitionrobotics/web/cloudsim/internal/subt/cmdgen/generator.go:143.26,145.3 1 1
gitlab.com/ignitionrobotics/web/cloudsim/internal/subt/cmdgen/generator.go:147.25,149.3 1 0
gitlab.com/ignitionrobotics/web/cloudsim/internal/subt/cmdgen/generator.go:172.62,175.31 3 3
gitlab.com/ignitionrobotics/web/cloudsim/internal/subt/cmdgen/generator.go:184.2,184.21 1 3
gitlab.com/ignitionrobotics/web/cloudsim/internal/subt/cmdgen/generator.go:188.2,188.29 1 2
gitlab.com/ignitionrobotics/web/cloudsim/internal/subt/cmdgen/generator.go:192.2,196.34 4 1
gitlab.com/ignitionrobotics/web/cloudsim/internal/subt/cmdgen/generator.go:200.2,200.50 1 1
gitlab.com/ignitionrobotics/web/cloudsim/internal/subt/cmdgen/generator.go:175.31,176.48 1 5
gitlab.com/ignitionrobotics/web/cloudsim/internal/subt/cmdgen/generator.go:176.48,177.76 1 2
gitlab.com/ignitionrobotics/web/cloudsim/internal/subt/cmdgen/generator.go:180.4,180.9 1 2
gitlab.com/ignitionrobotics/web/cloudsim/internal/subt/cmdgen/generator.go:177.76,179.5 1 0
gitlab.com/ignitionrobotics/web/cloudsim/internal/subt/cmdgen/generator.go:184.21,186.3 1 1
gitlab.com/ignitionrobotics/web/cloudsim/internal/subt/cmdgen/generator.go:188.29,190.3 1 1
gitlab.com/ignitionrobotics/web/cloudsim/internal/subt/cmdgen/generator.go:196.34,198.3 1 2
gitlab.com/ignitionrobotics/web/cloudsim/pkg/cycler/cycler.go:38.36,40.2 1 40
gitlab.com/ignitionrobotics/web/cloudsim/pkg/cycler/cycler.go:43.37,48.2 2 19
gitlab.com/ignitionrobotics/web/cloudsim/pkg/cycler/cycler.go:55.55,58.70 3 6
gitlab.com/ignitionrobotics/web/cloudsim/pkg/cycler/cycler.go:64.5,64.17 1 4
gitlab.com/ignitionrobotics/web/cloudsim/pkg/cycler/cycler.go:58.70,59.28 1 18
gitlab.com/ignitionrobotics/web/cloudsim/pkg/cycler/cycler.go:59.28,61.10 1 2
gitlab.com/ignitionrobotics/web/cloudsim/pkg/cycler/cycler.go:68.28,70.2 1 23
gitlab.com/ignitionrobotics/web/cloudsim/pkg/cycler/cycler.go:74.61,77.34 2 3
gitlab.com/ignitionrobotics/web/cloudsim/pkg/cycler/cycler.go:82.5,83.32 2 2
gitlab.com/ignitionrobotics/web/cloudsim/pkg/cycler/cycler.go:87.5,87.31 1 2
gitlab.com/ignitionrobotics/web/cloudsim/pkg/cycler/cycler.go:77.34,79.6 1 1
gitlab.com/ignitionrobotics/web/cloudsim/pkg/cycler/cycler.go:83.32,85.6 1 3
gitlab.com/ignitionrobotics/web/cloudsim/pkg/cycler/cycler.go:92.55,93.25 1 4
gitlab.com/ignitionrobotics/web/cloudsim/pkg/cycler/cycler.go:97.5,99.11 1 2
gitlab.com/ignitionrobotics/web/cloudsim/pkg/cycler/cycler.go:93.25,95.6 1 2
gitlab.com/ignitionrobotics/web/cloudsim/pkg/defaults/defaults.go:19.48,20.45 1 2
gitlab.com/ignitionrobotics/web/cloudsim/pkg/defaults/defaults.go:34.2,34.12 1 2
gitlab.com/ignitionrobotics/web/cloudsim/pkg/defaults/defaults.go:20.45,22.16 1 1
gitlab.com/ignitionrobotics/web/cloudsim/pkg/defaults/defaults.go:29.3,29.49 1 1
gitlab.com/ignitionrobotics/web/cloudsim/pkg/defaults/defaults.go:22.16,23.32 1 1
gitlab.com/ignitionrobotics/web/cloudsim/pkg/defaults/defaults.go:23.32,26.5 2 0
gitlab.com/ignitionrobotics/web/cloudsim/pkg/defaults/defaults.go:29.49,31.4 1 0
gitlab.com/ignitionrobotics/web/cloudsim/pkg/defaults/defaults.go:38.48,40.2 1 0
gitlab.com/ignitionrobotics/web/cloudsim/internal/pkg/repositories/gorm/gorm.go:32.43,34.2 1 0
gitlab.com/ignitionrobotics/web/cloudsim/internal/pkg/repositories/gorm/gorm.go:38.41,40.2 1 0
gitlab.com/ignitionrobotics/web/cloudsim/internal/pkg/repositories/gorm/gorm.go:44.43,47.34 2 0
gitlab.com/ignitionrobotics/web/cloudsim/internal/pkg/repositories/gorm/gorm.go:51.2,51.63 1 0
gitlab.com/ignitionrobotics/web/cloudsim/internal/pkg/repositories/gorm/gorm.go:47.34,49.3 1 0
gitlab.com/ignitionrobotics/web/cloudsim/internal/pkg/repositories/gorm/gorm.go:55.79,59.15 3 0
gitlab.com/ignitionrobotics/web/cloudsim/internal/pkg/repositories/gorm/gorm.go:64.2,64.34 1 0
gitlab.com/ignitionrobotics/web/cloudsim/internal/pkg/repositories/gorm/gorm.go:73.2,76.16 3 0
gitlab.com/ignitionrobotics/web/cloudsim/internal/pkg/repositories/gorm/gorm.go:81.2,83.22 2 0
gitlab.com/ignitionrobotics/web/cloudsim/internal/pkg/repositories/gorm/gorm.go:59.15,60.31 1 0
gitlab.com/ignitionrobotics/web/cloudsim/internal/pkg/repositories/gorm/gorm.go:60.31,62.4 1 0
gitlab.com/ignitionrobotics/web/cloudsim/internal/pkg/repositories/gorm/gorm.go:64.34,66.17 2 0
gitlab.com/ignitionrobotics/web/cloudsim/internal/pkg/repositories/gorm/gorm.go:66.17,71.4 3 0
gitlab.com/ignitionrobotics/web/cloudsim/internal/pkg/repositories/gorm/gorm.go:76.16,80.3 2 0
gitlab.com/ignitionrobotics/web/cloudsim/internal/pkg/repositories/gorm/gorm.go:88.98,92.18 3 0
gitlab.com/ignitionrobotics/web/cloudsim/internal/pkg/repositories/gorm/gorm.go:103.2,106.16 4 0
gitlab.com/ignitionrobotics/web/cloudsim/internal/pkg/repositories/gorm/gorm.go:111.2,113.12 2 0
gitlab.com/ignitionrobotics/web/cloudsim/internal/pkg/repositories/gorm/gorm.go:92.18,96.20 3 0
gitlab.com/ignitionrobotics/web/cloudsim/internal/pkg/repositories/gorm/gorm.go:96.20,100.4 2 0
gitlab.com/ignitionrobotics/web/cloudsim/internal/pkg/repositories/gorm/gorm.go:106.16,110.3 2 0
gitlab.com/ignitionrobotics/web/cloudsim/internal/pkg/repositories/gorm/gorm.go:117.83,120.23 2 0
gitlab.com/ignitionrobotics/web/cloudsim/internal/pkg/repositories/gorm/gorm.go:125.2,129.16 5 0
gitlab.com/ignitionrobotics/web/cloudsim/internal/pkg/repositories/gorm/gorm.go:134.2,136.12 2 0
gitlab.com/ignitionrobotics/web/cloudsim/internal/pkg/repositories/gorm/gorm.go:120.23,124.3 2 0
gitlab.com/ignitionrobotics/web/cloudsim/internal/pkg/repositories/gorm/gorm.go:129.16,133.3 2 0
gitlab.com/ignitionrobotics/web/cloudsim/internal/pkg/repositories/gorm/gorm.go:140.78,147.16 6 0
gitlab.com/ignitionrobotics/web/cloudsim/internal/pkg/repositories/gorm/gorm.go:154.2,156.12 2 0
gitlab.com/ignitionrobotics/web/cloudsim/internal/pkg/repositories/gorm/gorm.go:147.16,151.3 2 0
gitlab.com/ignitionrobotics/web/cloudsim/internal/pkg/repositories/gorm/gorm.go:151.8,151.32 1 0
gitlab.com/ignitionrobotics/web/cloudsim/internal/pkg/repositories/gorm/gorm.go:151.32,153.3 1 0
gitlab.com/ignitionrobotics/web/cloudsim/internal/pkg/repositories/gorm/gorm.go:160.60,167.16 6 0
gitlab.com/ignitionrobotics/web/cloudsim/internal/pkg/repositories/gorm/gorm.go:174.2,176.12 2 0
gitlab.com/ignitionrobotics/web/cloudsim/internal/pkg/repositories/gorm/gorm.go:167.16,171.3 2 0
gitlab.com/ignitionrobotics/web/cloudsim/internal/pkg/repositories/gorm/gorm.go:171.8,171.32 1 0
gitlab.com/ignitionrobotics/web/cloudsim/internal/pkg/repositories/gorm/gorm.go:171.32,173.3 1 0
gitlab.com/ignitionrobotics/web/cloudsim/internal/pkg/repositories/gorm/gorm.go:179.43,181.2 1 0
gitlab.com/ignitionrobotics/web/cloudsim/internal/pkg/repositories/gorm/gorm.go:183.83,184.28 1 0
gitlab.com/ignitionrobotics/web/cloudsim/internal/pkg/repositories/gorm/gorm.go:187.2,187.10 1 0
gitlab.com/ignitionrobotics/web/cloudsim/internal/pkg/repositories/gorm/gorm.go:184.28,186.3 1 0
gitlab.com/ignitionrobotics/web/cloudsim/internal/pkg/repositories/gorm/gorm.go:191.92,197.2 1 0
gitlab.com/ignitionrobotics/web/cloudsim/internal/pkg/repositories/gorm/gorm_filter.go:12.39,14.2 1 0
gitlab.com/ignitionrobotics/web/cloudsim/internal/pkg/repositories/gorm/gorm_filter.go:17.44,19.2 1 0
gitlab.com/ignitionrobotics/web/cloudsim/internal/pkg/repositories/gorm/gorm_filter.go:22.74,27.2 1 0
gitlab.com/ignitionrobotics/web/cloudsim/pkg/factory/call.go:17.46,18.36 1 0
gitlab.com/ignitionrobotics/web/cloudsim/pkg/factory/call.go:24.2,24.12 1 0
gitlab.com/ignitionrobotics/web/cloudsim/pkg/factory/call.go:18.36,19.84 1 0
gitlab.com/ignitionrobotics/web/cloudsim/pkg/factory/call.go:19.84,21.4 1 0
gitlab.com/ignitionrobotics/web/cloudsim/pkg/factory/dependencies.go:18.58,20.2 1 0
gitlab.com/ignitionrobotics/web/cloudsim/pkg/factory/dependencies.go:26.68,29.9 2 0
gitlab.com/ignitionrobotics/web/cloudsim/pkg/factory/dependencies.go:35.2,35.15 1 0
gitlab.com/ignitionrobotics/web/cloudsim/pkg/factory/dependencies.go:40.2,43.12 3 0
gitlab.com/ignitionrobotics/web/cloudsim/pkg/factory/dependencies.go:29.9,31.3 1 0
gitlab.com/ignitionrobotics/web/cloudsim/pkg/factory/dependencies.go:35.15,36.31 1 0
gitlab.com/ignitionrobotics/web/cloudsim/pkg/factory/dependencies.go:36.31,38.4 1 0
gitlab.com/ignitionrobotics/web/cloudsim/pkg/factory/dependencies.go:47.54,49.2 1 0
gitlab.com/ignitionrobotics/web/cloudsim/pkg/factory/dependencies.go:52.55,53.47 1 0
gitlab.com/ignitionrobotics/web/cloudsim/pkg/factory/dependencies.go:56.2,56.12 1 0
gitlab.com/ignitionrobotics/web/cloudsim/pkg/factory/dependencies.go:53.47,55.3 1 0
gitlab.com/ignitionrobotics/web/cloudsim/pkg/factory/dependencies.go:92.55,93.39 1 0
gitlab.com/ignitionrobotics/web/cloudsim/pkg/factory/dependencies.go:96.2,96.40 1 0
gitlab.com/ignitionrobotics/web/cloudsim/pkg/factory/dependencies.go:100.2,100.12 1 0
gitlab.com/ignitionrobotics/web/cloudsim/pkg/factory/dependencies.go:93.39,95.3 1 0
gitlab.com/ignitionrobotics/web/cloudsim/pkg/factory/dependencies.go:96.40,98.3 1 0
gitlab.com/ignitionrobotics/web/cloudsim/pkg/factory/dependencies.go:105.56,108.16 2 0
gitlab.com/ignitionrobotics/web/cloudsim/pkg/factory/dependencies.go:113.2,114.9 2 0
gitlab.com/ignitionrobotics/web/cloudsim/pkg/factory/dependencies.go:118.2,118.16 1 0
gitlab.com/ignitionrobotics/web/cloudsim/pkg/factory/dependencies.go:108.16,110.3 1 0
gitlab.com/ignitionrobotics/web/cloudsim/pkg/factory/dependencies.go:114.9,116.3 1 0
gitlab.com/ignitionrobotics/web/cloudsim/pkg/factory/dependencies.go:122.37,124.2 1 0
gitlab.com/ignitionrobotics/web/cloudsim/pkg/factory/factory.go:122.57,123.22 1 4
gitlab.com/ignitionrobotics/web/cloudsim/pkg/factory/factory.go:124.44,125.41 1 1
gitlab.com/ignitionrobotics/web/cloudsim/pkg/factory/factory.go:126.10,127.38 1 3
gitlab.com/ignitionrobotics/web/cloudsim/pkg/factory/factory.go:133.68,135.45 1 2
gitlab.com/ignitionrobotics/web/cloudsim/pkg/factory/factory.go:139.2,139.47 1 2
gitlab.com/ignitionrobotics/web/cloudsim/pkg/factory/factory.go:143.2,143.12 1 1
gitlab.com/ignitionrobotics/web/cloudsim/pkg/factory/factory.go:135.45,137.3 1 0
gitlab.com/ignitionrobotics/web/cloudsim/pkg/factory/factory.go:139.47,141.3 1 1
gitlab.com/ignitionrobotics/web/cloudsim/pkg/factory/factory.go:147.40,150.2 2 0
gitlab.com/ignitionrobotics/web/cloudsim/pkg/factory/map/map.go:16.98,17.16 1 5
gitlab.com/ignitionrobotics/web/cloudsim/pkg/factory/map/map.go:21.2,23.32 3 5
gitlab.com/ignitionrobotics/web/cloudsim/pkg/factory/map/map.go:28.2,28.58 1 5
gitlab.com/ignitionrobotics/web/cloudsim/pkg/factory/map/map.go:32.2,32.12 1 4
gitlab.com/ignitionrobotics/web/cloudsim/pkg/factory/map/map.go:17.16,19.3 1 0
gitlab.com/ignitionrobotics/web/cloudsim/pkg/factory/map/map.go:23.32,25.3 1 0
gitlab.com/ignitionrobotics/web/cloudsim/pkg/factory/map/map.go:28.58,30.3 1 1
gitlab.com/ignitionrobotics/web/cloudsim/pkg/factory/map/map.go:37.69,39.41 1 5
gitlab.com/ignitionrobotics/web/cloudsim/pkg/factory/map/map.go:42.2,44.12 2 4
gitlab.com/ignitionrobotics/web/cloudsim/pkg/factory/map/map.go:39.41,41.3 1 1
gitlab.com/ignitionrobotics/web/cloudsim/pkg/factory/map/map.go:48.31,50.2 1 1
gitlab.com/ignitionrobotics/web/cloudsim/pkg/email/implementations/ses/ses.go:15.59,17.2 1 0
gitlab.com/ignitionrobotics/web/cloudsim/pkg/email/implementations/ses/ses.go:28.104,29.26 1 7
gitlab.com/ignitionrobotics/web/cloudsim/pkg/email/implementations/ses/ses.go:32.2,32.22 1 6
gitlab.com/ignitionrobotics/web/cloudsim/pkg/email/implementations/ses/ses.go:35.2,35.31 1 5
gitlab.com/ignitionrobotics/web/cloudsim/pkg/email/implementations/ses/ses.go:40.2,40.44 1 4
gitlab.com/ignitionrobotics/web/cloudsim/pkg/email/implementations/ses/ses.go:43.2,43.17 1 3
gitlab.com/ignitionrobotics/web/cloudsim/pkg/email/implementations/ses/ses.go:47.2,48.16 2 1
gitlab.com/ignitionrobotics/web/cloudsim/pkg/email/implementations/ses/ses.go:52.2,54.12 2 1
gitlab.com/ignitionrobotics/web/cloudsim/pkg/email/implementations/ses/ses.go:29.26,31.3 1 1
gitlab.com/ignitionrobotics/web/cloudsim/pkg/email/implementations/ses/ses.go:32.22,34.3 1 1
gitlab.com/ignitionrobotics/web/cloudsim/pkg/email/implementations/ses/ses.go:35.31,36.40 1 5
gitlab.com/ignitionrobotics/web/cloudsim/pkg/email/implementations/ses/ses.go:36.40,38.4 1 1
gitlab.com/ignitionrobotics/web/cloudsim/pkg/email/implementations/ses/ses.go:40.44,42.3 1 1
gitlab.com/ignitionrobotics/web/cloudsim/pkg/email/implementations/ses/ses.go:43.17,45.3 1 2
gitlab.com/ignitionrobotics/web/cloudsim/pkg/email/implementations/ses/ses.go:48.16,50.3 1 0
gitlab.com/ignitionrobotics/web/cloudsim/pkg/email/implementations/ses/ses.go:58.99,81.16 3 1
gitlab.com/ignitionrobotics/web/cloudsim/pkg/email/implementations/ses/ses.go:99.2,99.12 1 1
gitlab.com/ignitionrobotics/web/cloudsim/pkg/email/implementations/ses/ses.go:81.16,82.41 1 0
gitlab.com/ignitionrobotics/web/cloudsim/pkg/email/implementations/ses/ses.go:96.3,96.33 1 0
gitlab.com/ignitionrobotics/web/cloudsim/pkg/email/implementations/ses/ses.go:82.41,84.23 2 0
gitlab.com/ignitionrobotics/web/cloudsim/pkg/email/implementations/ses/ses.go:94.4,94.48 1 0
gitlab.com/ignitionrobotics/web/cloudsim/pkg/email/implementations/ses/ses.go:85.36,86.38 1 0
gitlab.com/ignitionrobotics/web/cloudsim/pkg/email/implementations/ses/ses.go:87.55,88.57 1 0
gitlab.com/ignitionrobotics/web/cloudsim/pkg/email/implementations/ses/ses.go:89.58,90.60 1 0
gitlab.com/ignitionrobotics/web/cloudsim/pkg/email/implementations/ses/ses.go:91.12,92.35 1 0
gitlab.com/ignitionrobotics/web/cloudsim/pkg/email/implementations/ses/ses.go:103.74,108.2 1 7
gitlab.com/ignitionrobotics/web/cloudsim/internal/subt/tracks/track_model.go:30.33,32.2 1 0
gitlab.com/ignitionrobotics/web/cloudsim/internal/subt/tracks/track_model.go:35.57,47.2 1 0
gitlab.com/ignitionrobotics/web/cloudsim/internal/subt/tracks/track_model.go:51.71,63.2 10 0
gitlab.com/ignitionrobotics/web/cloudsim/internal/subt/tracks/track_repository.go:47.57,50.16 3 0
gitlab.com/ignitionrobotics/web/cloudsim/internal/subt/tracks/track_repository.go:54.2,55.20 2 0
gitlab.com/ignitionrobotics/web/cloudsim/internal/subt/tracks/track_repository.go:50.16,53.3 2 0
gitlab.com/ignitionrobotics/web/cloudsim/internal/subt/tracks/track_repository.go:60.54,64.16 4 0
gitlab.com/ignitionrobotics/web/cloudsim/internal/subt/tracks/track_repository.go:68.2,69.16 2 0
gitlab.com/ignitionrobotics/web/cloudsim/internal/subt/tracks/track_repository.go:64.16,67.3 2 0
gitlab.com/ignitionrobotics/web/cloudsim/internal/subt/tracks/track_repository.go:73.47,77.16 4 0
gitlab.com/ignitionrobotics/web/cloudsim/internal/subt/tracks/track_repository.go:81.2,82.15 2 0
gitlab.com/ignitionrobotics/web/cloudsim/internal/subt/tracks/track_repository.go:77.16,80.3 2 0
gitlab.com/ignitionrobotics/web/cloudsim/internal/subt/tracks/track_repository.go:88.70,91.16 3 0
gitlab.com/ignitionrobotics/web/cloudsim/internal/subt/tracks/track_repository.go:95.2,96.20 2 0
gitlab.com/ignitionrobotics/web/cloudsim/internal/subt/tracks/track_repository.go:91.16,94.3 2 0
gitlab.com/ignitionrobotics/web/cloudsim/internal/subt/tracks/track_repository.go:102.57,105.16 3 0
gitlab.com/ignitionrobotics/web/cloudsim/internal/subt/tracks/track_repository.go:109.2,110.20 2 0
gitlab.com/ignitionrobotics/web/cloudsim/internal/subt/tracks/track_repository.go:105.16,108.3 2 0
gitlab.com/ignitionrobotics/web/cloudsim/internal/subt/tracks/track_repository.go:114.63,119.2 1 0
gitlab.com/ignitionrobotics/web/cloudsim/internal/subt/tracks/track_service.go:45.65,47.51 2 0
gitlab.com/ignitionrobotics/web/cloudsim/internal/subt/tracks/track_service.go:51.2,53.16 3 0
gitlab.com/ignitionrobotics/web/cloudsim/internal/subt/tracks/track_service.go:57.2,58.20 2 0
gitlab.com/ignitionrobotics/web/cloudsim/internal/subt/tracks/track_service.go:47.51,50.3 2 0
gitlab.com/ignitionrobotics/web/cloudsim/internal/subt/tracks/track_service.go:53.16,56.3 2 0
gitlab.com/ignitionrobotics/web/cloudsim/internal/subt/tracks/track_service.go:62.75,65.16 3 0
gitlab.com/ignitionrobotics/web/cloudsim/internal/subt/tracks/track_service.go:69.2,70.19 2 0
gitlab.com/ignitionrobotics/web/cloudsim/internal/subt/tracks/track_service.go:65.16,68.3 2 0
gitlab.com/ignitionrobotics/web/cloudsim/internal/subt/tracks/track_service.go:74.44,77.16 3 0
gitlab.com/ignitionrobotics/web/cloudsim/internal/subt/tracks/track_service.go:81.2,82.20 2 0
gitlab.com/ignitionrobotics/web/cloudsim/internal/subt/tracks/track_service.go:77.16,80.3 2 0
gitlab.com/ignitionrobotics/web/cloudsim/internal/subt/tracks/track_service.go:86.78,89.16 3 0
gitlab.com/ignitionrobotics/web/cloudsim/internal/subt/tracks/track_service.go:93.2,94.16 2 0
gitlab.com/ignitionrobotics/web/cloudsim/internal/subt/tracks/track_service.go:97.2,99.16 3 0
gitlab.com/ignitionrobotics/web/cloudsim/internal/subt/tracks/track_service.go:103.2,104.19 2 0
gitlab.com/ignitionrobotics/web/cloudsim/internal/subt/tracks/track_service.go:89.16,92.3 2 0
gitlab.com/ignitionrobotics/web/cloudsim/internal/subt/tracks/track_service.go:94.16,96.3 1 0
gitlab.com/ignitionrobotics/web/cloudsim/internal/subt/tracks/track_service.go:99.16,102.3 2 0
gitlab.com/ignitionrobotics/web/cloudsim/internal/subt/tracks/track_service.go:108.54,111.16 3 0
gitlab.com/ignitionrobotics/web/cloudsim/internal/subt/tracks/track_service.go:114.2,115.16 2 0
gitlab.com/ignitionrobotics/web/cloudsim/internal/subt/tracks/track_service.go:119.2,120.20 2 0
gitlab.com/ignitionrobotics/web/cloudsim/internal/subt/tracks/track_service.go:111.16,113.3 1 0
gitlab.com/ignitionrobotics/web/cloudsim/internal/subt/tracks/track_service.go:115.16,118.3 2 0
gitlab.com/ignitionrobotics/web/cloudsim/internal/subt/tracks/track_service.go:124.81,130.2 1 0
gitlab.com/ignitionrobotics/web/cloudsim/pkg/actions/db.go:9.43,16.2 1 0
gitlab.com/ignitionrobotics/web/cloudsim/pkg/actions/db.go:19.35,26.2 1 0
gitlab.com/ignitionrobotics/web/cloudsim/pkg/actions/db.go:29.32,36.2 1 0
gitlab.com/ignitionrobotics/web/cloudsim/pkg/actions/deployment.go:41.38,43.2 1 0
gitlab.com/ignitionrobotics/web/cloudsim/pkg/actions/deployment.go:46.86,57.74 2 0
gitlab.com/ignitionrobotics/web/cloudsim/pkg/actions/deployment.go:61.2,61.25 1 0
gitlab.com/ignitionrobotics/web/cloudsim/pkg/actions/deployment.go:57.74,59.3 1 0
gitlab.com/ignitionrobotics/web/cloudsim/pkg/actions/deployment.go:65.68,72.16 3 0
gitlab.com/ignitionrobotics/web/cloudsim/pkg/actions/deployment.go:76.2,76.24 1 0
gitlab.com/ignitionrobotics/web/cloudsim/pkg/actions/deployment.go:72.16,74.3 1 0
gitlab.com/ignitionrobotics/web/cloudsim/pkg/actions/deployment.go:80.62,87.16 3 0
gitlab.com/ignitionrobotics/web/cloudsim/pkg/actions/deployment.go:91.2,91.25 1 0
gitlab.com/ignitionrobotics/web/cloudsim/pkg/actions/deployment.go:87.16,89.3 1 0
gitlab.com/ignitionrobotics/web/cloudsim/pkg/actions/deployment.go:95.83,97.25 1 0
gitlab.com/ignitionrobotics/web/cloudsim/pkg/actions/deployment.go:105.2,105.22 1 0
gitlab.com/ignitionrobotics/web/cloudsim/pkg/actions/deployment.go:111.2,111.12 1 0
gitlab.com/ignitionrobotics/web/cloudsim/pkg/actions/deployment.go:97.25,99.51 2 0
gitlab.com/ignitionrobotics/web/cloudsim/pkg/actions/deployment.go:99.51,101.4 1 0
gitlab.com/ignitionrobotics/web/cloudsim/pkg/actions/deployment.go:105.22,106.79 1 0
gitlab.com/ignitionrobotics/web/cloudsim/pkg/actions/deployment.go:106.79,108.4 1 0
gitlab.com/ignitionrobotics/web/cloudsim/pkg/actions/deployment.go:115.76,120.2 2 0
gitlab.com/ignitionrobotics/web/cloudsim/pkg/actions/deployment.go:123.112,125.2 1 0
gitlab.com/ignitionrobotics/web/cloudsim/pkg/actions/deployment.go:129.109,131.2 1 0
gitlab.com/ignitionrobotics/web/cloudsim/pkg/actions/deployment.go:135.77,138.2 2 0
gitlab.com/ignitionrobotics/web/cloudsim/pkg/actions/deployment.go:142.84,144.2 1 0
gitlab.com/ignitionrobotics/web/cloudsim/pkg/actions/deployment.go:147.47,148.28 1 0
gitlab.com/ignitionrobotics/web/cloudsim/pkg/actions/deployment.go:152.2,152.37 1 0
gitlab.com/ignitionrobotics/web/cloudsim/pkg/actions/deployment.go:148.28,150.3 1 0
gitlab.com/ignitionrobotics/web/cloudsim/pkg/actions/deployment.go:156.80,158.26 1 0
gitlab.com/ignitionrobotics/web/cloudsim/pkg/actions/deployment.go:163.2,166.50 3 0
gitlab.com/ignitionrobotics/web/cloudsim/pkg/actions/deployment.go:158.26,160.3 1 0
gitlab.com/ignitionrobotics/web/cloudsim/pkg/actions/deployment.go:170.59,172.2 1 0
gitlab.com/ignitionrobotics/web/cloudsim/pkg/actions/deployment.go:175.39,177.2 1 0
gitlab.com/ignitionrobotics/web/cloudsim/pkg/actions/deployment.go:180.43,182.2 1 0
gitlab.com/ignitionrobotics/web/cloudsim/pkg/actions/deployment.go:185.40,187.2 1 0
gitlab.com/ignitionrobotics/web/cloudsim/pkg/actions/deployment_error.go:17.46,19.2 1 0
gitlab.com/ignitionrobotics/web/cloudsim/pkg/actions/deployment_error.go:26.112,27.16 1 0
gitlab.com/ignitionrobotics/web/cloudsim/pkg/actions/deployment_error.go:31.2,39.55 3 0
gitlab.com/ignitionrobotics/web/cloudsim/pkg/actions/deployment_error.go:43.2,43.27 1 0
gitlab.com/ignitionrobotics/web/cloudsim/pkg/actions/deployment_error.go:27.16,29.3 1 0
gitlab.com/ignitionrobotics/web/cloudsim/pkg/actions/deployment_error.go:39.55,41.3 1 0
gitlab.com/ignitionrobotics/web/cloudsim/pkg/actions/deployment_error.go:49.102,55.16 3 0
gitlab.com/ignitionrobotics/web/cloudsim/pkg/actions/deployment_error.go:59.2,60.16 2 0
gitlab.com/ignitionrobotics/web/cloudsim/pkg/actions/deployment_error.go:64.2,64.28 1 0
gitlab.com/ignitionrobotics/web/cloudsim/pkg/actions/deployment_error.go:55.16,57.3 1 0
gitlab.com/ignitionrobotics/web/cloudsim/pkg/actions/deployment_error.go:60.16,62.3 1 0
gitlab.com/ignitionrobotics/web/cloudsim/pkg/actions/job_data_type_registry.go:20.45,22.2 1 9
gitlab.com/ignitionrobotics/web/cloudsim/pkg/actions/job_data_type_registry.go:25.60,27.2 1 116
gitlab.com/ignitionrobotics/web/cloudsim/pkg/actions/job_data_type_registry.go:30.76,31.39 1 9
gitlab.com/ignitionrobotics/web/cloudsim/pkg/actions/job_data_type_registry.go:36.2,38.17 2 1
gitlab.com/ignitionrobotics/web/cloudsim/pkg/actions/job_data_type_registry.go:31.39,33.3 1 8
gitlab.com/ignitionrobotics/web/cloudsim/pkg/actions/job_error_handler.go:11.73,12.104 1 0
gitlab.com/ignitionrobotics/web/cloudsim/pkg/actions/job_error_handler.go:12.104,16.17 3 0
gitlab.com/ignitionrobotics/web/cloudsim/pkg/actions/job_error_handler.go:39.3,39.20 1 0
gitlab.com/ignitionrobotics/web/cloudsim/pkg/actions/job_error_handler.go:16.17,18.63 1 0
gitlab.com/ignitionrobotics/web/cloudsim/pkg/actions/job_error_handler.go:23.4,28.62 3 0
gitlab.com/ignitionrobotics/web/cloudsim/pkg/actions/job_error_handler.go:36.4,36.28 1 0
gitlab.com/ignitionrobotics/web/cloudsim/pkg/actions/job_error_handler.go:18.63,20.5 1 0
gitlab.com/ignitionrobotics/web/cloudsim/pkg/actions/job_error_handler.go:28.62,30.64 1 0
gitlab.com/ignitionrobotics/web/cloudsim/pkg/actions/job_error_handler.go:30.64,32.6 1 0
gitlab.com/ignitionrobotics/web/cloudsim/pkg/actions/job_error_handler.go:45.34,48.2 1 0
gitlab.com/ignitionrobotics/web/cloudsim/pkg/actions/service.go:41.45,48.2 3 6
gitlab.com/ignitionrobotics/web/cloudsim/pkg/actions/service.go:52.96,53.22 1 16
gitlab.com/ignitionrobotics/web/cloudsim/pkg/actions/service.go:57.2,58.28 2 15
gitlab.com/ignitionrobotics/web/cloudsim/pkg/actions/service.go:62.2,62.54 1 15
gitlab.com/ignitionrobotics/web/cloudsim/pkg/actions/service.go:53.22,55.3 1 1
gitlab.com/ignitionrobotics/web/cloudsim/pkg/actions/service.go:58.28,60.3 1 10
gitlab.com/ignitionrobotics/web/cloudsim/pkg/actions/service.go:67.90,70.16 2 4
gitlab.com/ignitionrobotics/web/cloudsim/pkg/actions/service.go:75.2,77.64 3 4
gitlab.com/ignitionrobotics/web/cloudsim/pkg/actions/service.go:81.2,81.20 1 3
gitlab.com/ignitionrobotics/web/cloudsim/pkg/actions/service.go:70.16,72.3 1 0
gitlab.com/ignitionrobotics/web/cloudsim/pkg/actions/service.go:77.64,79.3 1 1
gitlab.com/ignitionrobotics/web/cloudsim/pkg/actions/service.go:88.100,90.19 1 11
gitlab.com/ignitionrobotics/web/cloudsim/pkg/actions/service.go:95.2,96.16 2 10
gitlab.com/ignitionrobotics/web/cloudsim/pkg/actions/service.go:101.2,101.59 1 9
gitlab.com/ignitionrobotics/web/cloudsim/pkg/actions/service.go:106.2,108.12 2 8
gitlab.com/ignitionrobotics/web/cloudsim/pkg/actions/service.go:90.19,92.3 1 1
gitlab.com/ignitionrobotics/web/cloudsim/pkg/actions/service.go:96.16,98.3 1 1
gitlab.com/ignitionrobotics/web/cloudsim/pkg/actions/service.go:101.59,103.3 1 1
gitlab.com/ignitionrobotics/web/cloudsim/pkg/actions/service.go:114.116,120.16 3 0
gitlab.com/ignitionrobotics/web/cloudsim/pkg/actions/service.go:128.2,129.16 2 0
gitlab.com/ignitionrobotics/web/cloudsim/pkg/actions/service.go:132.2,135.15 2 0
gitlab.com/ignitionrobotics/web/cloudsim/pkg/actions/service.go:143.2,143.28 1 0
gitlab.com/ignitionrobotics/web/cloudsim/pkg/actions/service.go:148.2,148.32 1 0
gitlab.com/ignitionrobotics/web/cloudsim/pkg/actions/service.go:152.2,152.12 1 0
gitlab.com/ignitionrobotics/web/cloudsim/pkg/actions/service.go:120.16,122.3 1 0
gitlab.com/ignitionrobotics/web/cloudsim/pkg/actions/service.go:129.16,131.3 1 0
gitlab.com/ignitionrobotics/web/cloudsim/pkg/actions/service.go:135.15,137.76 1 0
gitlab.com/ignitionrobotics/web/cloudsim/pkg/actions/service.go:137.76,139.4 1 0
gitlab.com/ignitionrobotics/web/cloudsim/pkg/actions/service.go:143.28,145.3 1 0
gitlab.com/ignitionrobotics/web/cloudsim/pkg/actions/service.go:148.32,150.3 1 0
gitlab.com/ignitionrobotics/web/cloudsim/pkg/actions/service.go:161.36,167.15 3 0
gitlab.com/ignitionrobotics/web/cloudsim/pkg/actions/service.go:186.2,186.27 1 0
gitlab.com/ignitionrobotics/web/cloudsim/pkg/actions/service.go:193.2,193.54 1 0
gitlab.com/ignitionrobotics/web/cloudsim/pkg/actions/service.go:215.2,215.12 1 0
gitlab.com/ignitionrobotics/web/cloudsim/pkg/actions/service.go:167.15,168.31 1 0
gitlab.com/ignitionrobotics/web/cloudsim/pkg/actions/service.go:178.3,178.17 1 0
gitlab.com/ignitionrobotics/web/cloudsim/pkg/actions/service.go:168.31,171.18 3 0
gitlab.com/ignitionrobotics/web/cloudsim/pkg/actions/service.go:174.4,174.84 1 0
gitlab.com/ignitionrobotics/web/cloudsim/pkg/actions/service.go:171.18,173.5 1 0
gitlab.com/ignitionrobotics/web/cloudsim/pkg/actions/service.go:174.84,176.5 1 0
gitlab.com/ignitionrobotics/web/cloudsim/pkg/actions/service.go:178.17,179.82 1 0
gitlab.com/ignitionrobotics/web/cloudsim/pkg/actions/service.go:179.82,181.5 1 0
gitlab.com/ignitionrobotics/web/cloudsim/pkg/actions/service.go:186.27,187.104 1 0
gitlab.com/ignitionrobotics/web/cloudsim/pkg/actions/service.go:187.104,189.4 1 0
gitlab.com/ignitionrobotics/web/cloudsim/pkg/actions/service.go:193.54,197.67 2 0
gitlab.com/ignitionrobotics/web/cloudsim/pkg/actions/service.go:202.3,205.17 3 0
gitlab.com/ignitionrobotics/web/cloudsim/pkg/actions/service.go:212.3,212.124 1 0
gitlab.com/ignitionrobotics/web/cloudsim/pkg/actions/service.go:197.67,199.4 1 0
gitlab.com/ignitionrobotics/web/cloudsim/pkg/actions/service.go:205.17,207.63 2 0
gitlab.com/ignitionrobotics/web/cloudsim/pkg/actions/service.go:210.4,210.14 1 0
gitlab.com/ignitionrobotics/web/cloudsim/pkg/actions/service.go:207.63,209.5 1 0
gitlab.com/ignitionrobotics/web/cloudsim/pkg/actions/service.go:221.116,227.15 3 0
gitlab.com/ignitionrobotics/web/cloudsim/pkg/actions/service.go:241.2,241.16 1 0
gitlab.com/ignitionrobotics/web/cloudsim/pkg/actions/service.go:245.2,245.40 1 0
gitlab.com/ignitionrobotics/web/cloudsim/pkg/actions/service.go:274.2,274.12 1 0
gitlab.com/ignitionrobotics/web/cloudsim/pkg/actions/service.go:227.15,228.31 1 0
gitlab.com/ignitionrobotics/web/cloudsim/pkg/actions/service.go:228.31,231.18 3 0
gitlab.com/ignitionrobotics/web/cloudsim/pkg/actions/service.go:234.4,234.84 1 0
gitlab.com/ignitionrobotics/web/cloudsim/pkg/actions/service.go:231.18,233.5 1 0
gitlab.com/ignitionrobotics/web/cloudsim/pkg/actions/service.go:234.84,236.5 1 0
gitlab.com/ignitionrobotics/web/cloudsim/pkg/actions/service.go:241.16,243.3 1 0
gitlab.com/ignitionrobotics/web/cloudsim/pkg/actions/service.go:245.40,250.62 2 0
gitlab.com/ignitionrobotics/web/cloudsim/pkg/actions/service.go:255.3,255.33 1 0
gitlab.com/ignitionrobotics/web/cloudsim/pkg/actions/service.go:250.62,252.4 1 0
gitlab.com/ignitionrobotics/web/cloudsim/pkg/actions/service.go:255.33,260.25 3 0
gitlab.com/ignitionrobotics/web/cloudsim/pkg/actions/service.go:270.4,270.129 1 0
gitlab.com/ignitionrobotics/web/cloudsim/pkg/actions/service.go:260.25,263.72 2 0
gitlab.com/ignitionrobotics/web/cloudsim/pkg/actions/service.go:267.5,268.15 2 0
gitlab.com/ignitionrobotics/web/cloudsim/pkg/actions/service.go:263.72,265.6 1 0
gitlab.com/ignitionrobotics/web/cloudsim/pkg/actions/store.go:22.39,24.2 1 0
gitlab.com/ignitionrobotics/web/cloudsim/pkg/actions/store.go:27.31,29.2 1 0
gitlab.com/ignitionrobotics/web/cloudsim/pkg/actions/store.go:32.41,33.25 1 0
gitlab.com/ignitionrobotics/web/cloudsim/pkg/actions/store.go:36.2,38.3 1 0
gitlab.com/ignitionrobotics/web/cloudsim/pkg/actions/store.go:33.25,34.28 1 0
gitlab.com/ignitionrobotics/web/cloudsim/pkg/actions/action.go:27.44,34.47 2 17
gitlab.com/ignitionrobotics/web/cloudsim/pkg/actions/action.go:39.2,41.20 2 16
gitlab.com/ignitionrobotics/web/cloudsim/pkg/actions/action.go:34.47,36.3 1 1
gitlab.com/ignitionrobotics/web/cloudsim/pkg/actions/action.go:45.40,48.29 2 1
gitlab.com/ignitionrobotics/web/cloudsim/pkg/actions/action.go:51.2,53.15 2 1
gitlab.com/ignitionrobotics/web/cloudsim/pkg/actions/action.go:48.29,50.3 1 3
gitlab.com/ignitionrobotics/web/cloudsim/pkg/actions/action.go:57.60,59.20 1 3
gitlab.com/ignitionrobotics/web/cloudsim/pkg/actions/action.go:63.2,63.33 1 3
gitlab.com/ignitionrobotics/web/cloudsim/pkg/actions/action.go:69.2,69.26 1 1
gitlab.com/ignitionrobotics/web/cloudsim/pkg/actions/action.go:59.20,61.3 1 0
gitlab.com/ignitionrobotics/web/cloudsim/pkg/actions/action.go:63.33,64.27 1 7
gitlab.com/ignitionrobotics/web/cloudsim/pkg/actions/action.go:64.27,66.4 1 2
gitlab.com/ignitionrobotics/web/cloudsim/pkg/actions/deployment_data.go:48.57,51.16 2 5
gitlab.com/ignitionrobotics/web/cloudsim/pkg/actions/deployment_data.go:54.2,54.21 1 5
gitlab.com/ignitionrobotics/web/cloudsim/pkg/actions/deployment_data.go:59.2,62.63 2 4
gitlab.com/ignitionrobotics/web/cloudsim/pkg/actions/deployment_data.go:67.2,67.53 1 4
gitlab.com/ignitionrobotics/web/cloudsim/pkg/actions/deployment_data.go:51.16,53.3 1 0
gitlab.com/ignitionrobotics/web/cloudsim/pkg/actions/deployment_data.go:54.21,56.3 1 1
gitlab.com/ignitionrobotics/web/cloudsim/pkg/actions/deployment_data.go:62.63,64.3 1 0
gitlab.com/ignitionrobotics/web/cloudsim/pkg/actions/deployment_data.go:74.46,76.2 1 0
gitlab.com/ignitionrobotics/web/cloudsim/pkg/actions/deployment_data.go:80.32,88.2 1 0
gitlab.com/ignitionrobotics/web/cloudsim/pkg/actions/deployment_data.go:94.26,95.16 1 0
gitlab.com/ignitionrobotics/web/cloudsim/pkg/actions/deployment_data.go:100.2,102.53 3 0
gitlab.com/ignitionrobotics/web/cloudsim/pkg/actions/deployment_data.go:105.2,117.16 5 0
gitlab.com/ignitionrobotics/web/cloudsim/pkg/actions/deployment_data.go:121.2,121.12 1 0
gitlab.com/ignitionrobotics/web/cloudsim/pkg/actions/deployment_data.go:95.16,97.3 1 0
gitlab.com/ignitionrobotics/web/cloudsim/pkg/actions/deployment_data.go:102.53,104.3 1 0
gitlab.com/ignitionrobotics/web/cloudsim/pkg/actions/deployment_data.go:117.16,119.3 1 0
gitlab.com/ignitionrobotics/web/cloudsim/pkg/actions/deployment_data.go:128.62,130.16 1 0
gitlab.com/ignitionrobotics/web/cloudsim/pkg/actions/deployment_data.go:135.2,142.16 3 0
gitlab.com/ignitionrobotics/web/cloudsim/pkg/actions/deployment_data.go:147.2,147.66 1 0
gitlab.com/ignitionrobotics/web/cloudsim/pkg/actions/deployment_data.go:152.2,153.16 2 0
gitlab.com/ignitionrobotics/web/cloudsim/pkg/actions/deployment_data.go:157.2,157.17 1 0
gitlab.com/ignitionrobotics/web/cloudsim/pkg/actions/deployment_data.go:130.16,132.3 1 0
gitlab.com/ignitionrobotics/web/cloudsim/pkg/actions/deployment_data.go:142.16,144.3 1 0
gitlab.com/ignitionrobotics/web/cloudsim/pkg/actions/deployment_data.go:147.66,149.3 1 0
gitlab.com/ignitionrobotics/web/cloudsim/pkg/actions/deployment_data.go:153.16,155.3 1 0
gitlab.com/ignitionrobotics/web/cloudsim/pkg/actions/job.go:117.52,118.18 1 285
gitlab.com/ignitionrobotics/web/cloudsim/pkg/actions/job.go:123.2,123.39 1 276
gitlab.com/ignitionrobotics/web/cloudsim/pkg/actions/job.go:127.2,127.30 1 38
gitlab.com/ignitionrobotics/web/cloudsim/pkg/actions/job.go:118.18,120.3 1 9
gitlab.com/ignitionrobotics/web/cloudsim/pkg/actions/job.go:123.39,125.3 1 238
gitlab.com/ignitionrobotics/web/cloudsim/pkg/actions/job.go:131.51,134.21 2 142
gitlab.com/ignitionrobotics/web/cloudsim/pkg/actions/job.go:138.2,138.26 1 136
gitlab.com/ignitionrobotics/web/cloudsim/pkg/actions/job.go:134.21,136.3 1 6
gitlab.com/ignitionrobotics/web/cloudsim/pkg/actions/job.go:144.42,147.30 1 2
gitlab.com/ignitionrobotics/web/cloudsim/pkg/actions/job.go:152.2,152.26 1 1
gitlab.com/ignitionrobotics/web/cloudsim/pkg/actions/job.go:157.2,157.52 1 1
gitlab.com/ignitionrobotics/web/cloudsim/pkg/actions/job.go:161.2,161.19 1 1
gitlab.com/ignitionrobotics/web/cloudsim/pkg/actions/job.go:147.30,148.91 1 1
gitlab.com/ignitionrobotics/web/cloudsim/pkg/actions/job.go:152.26,154.3 1 1
gitlab.com/ignitionrobotics/web/cloudsim/pkg/actions/job.go:157.52,158.91 1 0
gitlab.com/ignitionrobotics/web/cloudsim/pkg/actions/job.go:165.56,168.2 2 54
gitlab.com/ignitionrobotics/web/cloudsim/pkg/actions/job.go:171.32,173.2 1 60
gitlab.com/ignitionrobotics/web/cloudsim/pkg/actions/job.go:176.109,179.22 2 2
gitlab.com/ignitionrobotics/web/cloudsim/pkg/actions/job.go:185.2,188.88 2 1
gitlab.com/ignitionrobotics/web/cloudsim/pkg/actions/job.go:193.2,193.83 1 1
gitlab.com/ignitionrobotics/web/cloudsim/pkg/actions/job.go:198.2,198.89 1 1
gitlab.com/ignitionrobotics/web/cloudsim/pkg/actions/job.go:203.2,203.38 1 1
gitlab.com/ignitionrobotics/web/cloudsim/pkg/actions/job.go:207.2,207.19 1 1
gitlab.com/ignitionrobotics/web/cloudsim/pkg/actions/job.go:179.22,180.81 1 1
gitlab.com/ignitionrobotics/web/cloudsim/pkg/actions/job.go:188.88,190.3 1 0
gitlab.com/ignitionrobotics/web/cloudsim/pkg/actions/job.go:193.83,195.3 1 0
gitlab.com/ignitionrobotics/web/cloudsim/pkg/actions/job.go:198.89,200.3 1 0
gitlab.com/ignitionrobotics/web/cloudsim/pkg/actions/job.go:203.38,205.3 1 0
gitlab.com/ignitionrobotics/web/cloudsim/pkg/actions/job.go:212.41,215.30 2 4
gitlab.com/ignitionrobotics/web/cloudsim/pkg/actions/job.go:222.2,222.19 1 3
gitlab.com/ignitionrobotics/web/cloudsim/pkg/actions/job.go:215.30,217.79 1 10
gitlab.com/ignitionrobotics/web/cloudsim/pkg/actions/job.go:217.79,219.4 1 1
gitlab.com/ignitionrobotics/web/cloudsim/pkg/actions/job.go:227.42,231.68 2 15
gitlab.com/ignitionrobotics/web/cloudsim/pkg/actions/job.go:235.2,235.19 1 14
gitlab.com/ignitionrobotics/web/cloudsim/pkg/actions/job.go:231.68,233.3 1 1
gitlab.com/ignitionrobotics/web/cloudsim/pkg/actions/job.go:242.57,243.25 1 17
gitlab.com/ignitionrobotics/web/cloudsim/pkg/actions/job.go:243.25,245.3 1 52
gitlab.com/ignitionrobotics/web/cloudsim/pkg/actions/job.go:249.33,250.18 1 18
gitlab.com/ignitionrobotics/web/cloudsim/pkg/actions/job.go:254.2,254.12 1 17
gitlab.com/ignitionrobotics/web/cloudsim/pkg/actions/job.go:250.18,252.3 1 1
gitlab.com/ignitionrobotics/web/cloudsim/pkg/actions/job.go:258.37,259.25 1 18
gitlab.com/ignitionrobotics/web/cloudsim/pkg/actions/job.go:265.2,265.12 1 16
gitlab.com/ignitionrobotics/web/cloudsim/pkg/actions/job.go:259.25,260.40 1 52
gitlab.com/ignitionrobotics/web/cloudsim/pkg/actions/job.go:260.40,262.4 1 2
gitlab.com/ignitionrobotics/web/cloudsim/pkg/actions/job.go:270.42,272.25 2 17
gitlab.com/ignitionrobotics/web/cloudsim/pkg/actions/job.go:279.2,279.12 1 16
gitlab.com/ignitionrobotics/web/cloudsim/pkg/actions/job.go:272.25,273.38 1 52
gitlab.com/ignitionrobotics/web/cloudsim/pkg/actions/job.go:276.3,276.27 1 51
gitlab.com/ignitionrobotics/web/cloudsim/pkg/actions/job.go:273.38,275.4 1 1
gitlab.com/ignitionrobotics/web/cloudsim/pkg/actions/job.go:283.33,290.39 2 17
gitlab.com/ignitionrobotics/web/cloudsim/pkg/actions/job.go:296.2,296.12 1 16
gitlab.com/ignitionrobotics/web/cloudsim/pkg/actions/job.go:290.39,291.37 1 50
gitlab.com/ignitionrobotics/web/cloudsim/pkg/actions/job.go:291.37,293.4 1 1
gitlab.com/ignitionrobotics/web/cloudsim/pkg/actions/service_execute_input.go:47.74,51.53 2 0
gitlab.com/ignitionrobotics/web/cloudsim/pkg/actions/service_execute_input.go:55.2,55.20 1 0
gitlab.com/ignitionrobotics/web/cloudsim/pkg/actions/service_execute_input.go:51.53,53.3 1 0
gitlab.com/ignitionrobotics/web/cloudsim/pkg/actions/service_execute_input.go:60.57,62.2 1 2
gitlab.com/ignitionrobotics/web/cloudsim/pkg/actions/service_execute_input.go:65.53,67.2 1 0
gitlab.com/ignitionrobotics/web/cloudsim/pkg/actions/service_execute_input.go:70.38,72.2 1 0
gitlab.com/ignitionrobotics/web/cloudsim/pkg/actions/service_execute_input.go:77.71,79.43 1 0
gitlab.com/ignitionrobotics/web/cloudsim/pkg/actions/service_execute_input.go:84.2,84.26 1 0
gitlab.com/ignitionrobotics/web/cloudsim/pkg/actions/service_execute_input.go:92.2,92.12 1 0
gitlab.com/ignitionrobotics/web/cloudsim/pkg/actions/service_execute_input.go:79.43,81.3 1 0
gitlab.com/ignitionrobotics/web/cloudsim/pkg/actions/service_execute_input.go:84.26,86.17 2 0
gitlab.com/ignitionrobotics/web/cloudsim/pkg/actions/service_execute_input.go:89.3,89.29 1 0
gitlab.com/ignitionrobotics/web/cloudsim/pkg/actions/service_execute_input.go:86.17,88.4 1 0
gitlab.com/ignitionrobotics/web/cloudsim/pkg/actions/service_execute_input.go:97.55,99.19 1 3
gitlab.com/ignitionrobotics/web/cloudsim/pkg/actions/service_execute_input.go:104.2,104.26 1 2
gitlab.com/ignitionrobotics/web/cloudsim/pkg/actions/service_execute_input.go:108.2,108.48 1 1
gitlab.com/ignitionrobotics/web/cloudsim/pkg/actions/service_execute_input.go:112.2,112.12 1 1
gitlab.com/ignitionrobotics/web/cloudsim/pkg/actions/service_execute_input.go:99.19,101.3 1 1
gitlab.com/ignitionrobotics/web/cloudsim/pkg/actions/service_execute_input.go:104.26,106.3 1 1
gitlab.com/ignitionrobotics/web/cloudsim/pkg/actions/service_execute_input.go:108.48,110.3 1 0
gitlab.com/ignitionrobotics/web/cloudsim/pkg/actions/service_execute_input.go:116.66,120.2 2 3
gitlab.com/ignitionrobotics/web/cloudsim/pkg/loader/yaml.go:17.53,18.21 1 6
gitlab.com/ignitionrobotics/web/cloudsim/pkg/loader/yaml.go:18.21,20.3 1 5
gitlab.com/ignitionrobotics/web/cloudsim/pkg/loader/yaml.go:25.69,28.16 2 10
gitlab.com/ignitionrobotics/web/cloudsim/pkg/loader/yaml.go:33.2,33.12 1 7
gitlab.com/ignitionrobotics/web/cloudsim/pkg/loader/yaml.go:28.16,31.3 2 3
gitlab.com/ignitionrobotics/web/cloudsim/pkg/loader/yaml.go:38.63,41.16 2 8
gitlab.com/ignitionrobotics/web/cloudsim/pkg/loader/yaml.go:47.2,47.54 1 7
gitlab.com/ignitionrobotics/web/cloudsim/pkg/loader/yaml.go:52.2,52.48 1 5
gitlab.com/ignitionrobotics/web/cloudsim/pkg/loader/yaml.go:56.2,56.12 1 5
gitlab.com/ignitionrobotics/web/cloudsim/pkg/loader/yaml.go:41.16,44.3 2 1
gitlab.com/ignitionrobotics/web/cloudsim/pkg/loader/yaml.go:47.54,49.3 1 2
gitlab.com/ignitionrobotics/web/cloudsim/pkg/loader/yaml.go:52.48,54.3 1 0
gitlab.com/ignitionrobotics/web/cloudsim/pkg/loader/yaml.go:60.46,64.2 1 3
gitlab.com/ignitionrobotics/web/cloudsim/pkg/loader/loader.go:25.66,27.2 1 7
gitlab.com/ignitionrobotics/web/cloudsim/pkg/loader/loader.go:40.72,43.16 2 1
gitlab.com/ignitionrobotics/web/cloudsim/pkg/loader/loader.go:48.2,49.29 2 1
gitlab.com/ignitionrobotics/web/cloudsim/pkg/loader/loader.go:78.2,78.19 1 1
gitlab.com/ignitionrobotics/web/cloudsim/pkg/loader/loader.go:82.2,82.12 1 0
gitlab.com/ignitionrobotics/web/cloudsim/pkg/loader/loader.go:43.16,45.3 1 0
gitlab.com/ignitionrobotics/web/cloudsim/pkg/loader/loader.go:49.29,51.19 1 5
gitlab.com/ignitionrobotics/web/cloudsim/pkg/loader/loader.go:56.3,57.17 2 3
gitlab.com/ignitionrobotics/web/cloudsim/pkg/loader/loader.go:63.3,64.17 2 3
gitlab.com/ignitionrobotics/web/cloudsim/pkg/loader/loader.go:70.3,71.17 2 2
gitlab.com/ignitionrobotics/web/cloudsim/pkg/loader/loader.go:51.19,52.12 1 2
gitlab.com/ignitionrobotics/web/cloudsim/pkg/loader/loader.go:57.17,59.12 2 0
gitlab.com/ignitionrobotics/web/cloudsim/pkg/loader/loader.go:64.17,66.12 2 1
gitlab.com/ignitionrobotics/web/cloudsim/pkg/loader/loader.go:71.17,73.12 2 0
gitlab.com/ignitionrobotics/web/cloudsim/pkg/loader/loader.go:78.19,80.3 1 1
gitlab.com/ignitionrobotics/web/cloudsim/pkg/email/implementations/ses/factory/dependencies.go:19.41,21.2 1 0
gitlab.com/ignitionrobotics/web/cloudsim/pkg/email/implementations/ses/factory/factory.go:10.92,13.73 2 0
gitlab.com/ignitionrobotics/web/cloudsim/pkg/email/implementations/ses/factory/factory.go:18.2,19.65 2 0
gitlab.com/ignitionrobotics/web/cloudsim/pkg/email/implementations/ses/factory/factory.go:24.2,27.45 2 0
gitlab.com/ignitionrobotics/web/cloudsim/pkg/email/implementations/ses/factory/factory.go:34.2,40.51 2 0
gitlab.com/ignitionrobotics/web/cloudsim/pkg/email/implementations/ses/factory/factory.go:44.2,44.12 1 0
gitlab.com/ignitionrobotics/web/cloudsim/pkg/email/implementations/ses/factory/factory.go:13.73,15.3 1 0
gitlab.com/ignitionrobotics/web/cloudsim/pkg/email/implementations/ses/factory/factory.go:19.65,21.3 1 0
gitlab.com/ignitionrobotics/web/cloudsim/pkg/email/implementations/ses/factory/factory.go:27.45,28.64 1 0
gitlab.com/ignitionrobotics/web/cloudsim/pkg/email/implementations/ses/factory/factory.go:28.64,30.4 1 0
gitlab.com/ignitionrobotics/web/cloudsim/pkg/email/implementations/ses/factory/factory.go:40.51,42.3 1 0
gitlab.com/ignitionrobotics/web/cloudsim/pkg/email/implementations/ses/factory/factory.go:48.70,49.29 1 2
gitlab.com/ignitionrobotics/web/cloudsim/pkg/email/implementations/ses/factory/factory.go:54.2,56.16 3 1
gitlab.com/ignitionrobotics/web/cloudsim/pkg/email/implementations/ses/factory/factory.go:61.2,63.12 2 1
gitlab.com/ignitionrobotics/web/cloudsim/pkg/email/implementations/ses/factory/factory.go:49.29,51.3 1 1
gitlab.com/ignitionrobotics/web/cloudsim/pkg/email/implementations/ses/factory/factory.go:56.16,58.3 1 0
gitlab.com/ignitionrobotics/web/cloudsim/pkg/email/implementations/ses/factory/config.go:12.35,14.2 1 0
gitlab.com/ignitionrobotics/web/cloudsim/pkg/orchestrator/components/ingresses/ingress_rules.go:72.48,73.29 1 1
gitlab.com/ignitionrobotics/web/cloudsim/pkg/orchestrator/components/ingresses/ingress_rules.go:86.2,86.13 1 1
gitlab.com/ignitionrobotics/web/cloudsim/pkg/orchestrator/components/ingresses/ingress_rules.go:73.29,75.33 2 2
gitlab.com/ignitionrobotics/web/cloudsim/pkg/orchestrator/components/ingresses/ingress_rules.go:82.3,82.15 1 2
gitlab.com/ignitionrobotics/web/cloudsim/pkg/orchestrator/components/ingresses/ingress_rules.go:75.33,76.29 1 4
gitlab.com/ignitionrobotics/web/cloudsim/pkg/orchestrator/components/ingresses/ingress_rules.go:76.29,79.10 3 1
gitlab.com/ignitionrobotics/web/cloudsim/pkg/orchestrator/components/ingresses/ingress_rules.go:82.15,84.4 1 1
gitlab.com/ignitionrobotics/web/cloudsim/pkg/orchestrator/components/ingresses/ingress_rules.go:91.48,92.29 1 1
gitlab.com/ignitionrobotics/web/cloudsim/pkg/orchestrator/components/ingresses/ingress_rules.go:104.2,104.13 1 1
gitlab.com/ignitionrobotics/web/cloudsim/pkg/orchestrator/components/ingresses/ingress_rules.go:92.29,93.33 1 1
gitlab.com/ignitionrobotics/web/cloudsim/pkg/orchestrator/components/ingresses/ingress_rules.go:93.33,94.39 1 2
gitlab.com/ignitionrobotics/web/cloudsim/pkg/orchestrator/components/ingresses/ingress_rules.go:94.39,96.21 2 1
gitlab.com/ignitionrobotics/web/cloudsim/pkg/orchestrator/components/ingresses/ingress_rules.go:99.5,100.10 2 1
gitlab.com/ignitionrobotics/web/cloudsim/pkg/orchestrator/components/ingresses/ingress_rules.go:96.21,98.6 1 1
